<?xml version="1.0" encoding="UTF-8"?>
<testsuite name="runners.PruebasManualesRunner" tests="0" skipped="0" failures="0" errors="0" timestamp="1970-01-01T00:00:00" hostname="DESKTOP-6DBS85G" time="0.0">
  <properties/>
  <system-out><![CDATA[
?[31mFailed scenarios:?[0m
?[31msrc/test/resources/features/pruebasmanuales.feature:7 ?[0m# Inicio de sesion exitoso

2 Scenarios (?[31m1 failed?[0m, ?[32m1 passed?[0m)
6 Steps (?[31m1 failed?[0m, ?[36m2 skipped?[0m, ?[32m3 passed?[0m)
0m31,570s

java.lang.AssertionError: esta malo expected:<1> but was:<0>
	at org.junit.Assert.fail(Assert.java:88)
	at org.junit.Assert.failNotEquals(Assert.java:834)
	at org.junit.Assert.assertEquals(Assert.java:645)
	at tasks.Realizar.validacion(Realizar.java:20)
	at stepdefinitions.PruebasManualesStepDefinition.pruebasManuales(PruebasManualesStepDefinition.java:20)
	at ?.El usuario abre la pagina(src/test/resources/features/pruebasmanuales.feature:8)

]]></system-out>
  <system-err><![CDATA[2808 [Test worker] INFO net.thucydides.core.steps.ConsoleLoggingListener - 

-------------------------------------------------------------------------------------
     _______. _______ .______       _______ .__   __.  __  .___________.____    ____ 
    /       ||   ____||   _  \     |   ____||  \ |  | |  | |           |\   \  /   / 
   |   (----`|  |__   |  |_)  |    |  |__   |   \|  | |  | `---|  |----` \   \/   /  
    \   \    |   __|  |      /     |   __|  |  . `  | |  |     |  |       \_    _/   
.----)   |   |  |____ |  |\  \----.|  |____ |  |\   | |  |     |  |         |  |     
|_______/    |_______|| _| `._____||_______||__| \__| |__|     |__|         |__|    
                                                                                     
 News and tutorials at http://www.serenity-bdd.info                                  
 Documentation at https://wakaleo.gitbooks.io/the-serenity-book/content/             
 Join the Serenity Community on Rocket Chat at https://serenity-bdd.rocket.chat      
 Serenity BDD Support and Training at http://serenity-bdd.info/#/trainingandsupport  
 Learn Serenity BDD online at http://serenity-dojo.com                               
-------------------------------------------------------------------------------------

2862 [Test worker] INFO net.thucydides.core.steps.ConsoleLoggingListener - Test Suite Started: Ejecuciones manuales
3086 [Test worker] INFO net.thucydides.core.steps.ConsoleLoggingListener - 
 _____ _____ ____ _____   ____ _____  _    ____ _____ _____ ____  
|_   _| ____/ ___|_   _| / ___|_   _|/ \  |  _ \_   _| ____|  _ \ 
  | | |  _| \___ \ | |   \___ \ | | / _ \ | |_) || | |  _| | | | |
  | | | |___ ___) || |    ___) || |/ ___ \|  _ < | | | |___| |_| |
  |_| |_____|____/ |_|   |____/ |_/_/   \_\_| \_\|_| |_____|____/ 
                                                                  

TEST STARTED: Inicio de sesion exitoso
-------------------------------------------------------------------(ejecuciones-manuales;inicio-de-sesion-exitoso)
3334 [Test worker] INFO net.thucydides.core.steps.ConsoleLoggingListener - TEST MANUAL
21672 [Test worker] INFO net.thucydides.core.steps.ConsoleLoggingListener - 
 _____ _____ ____ _____   ____ _____  _    ____ _____ _____ ____  
|_   _| ____/ ___|_   _| / ___|_   _|/ \  |  _ \_   _| ____|  _ \ 
  | | |  _| \___ \ | |   \___ \ | | / _ \ | |_) || | |  _| | | | |
  | | | |___ ___) || |    ___) || |/ ___ \|  _ < | | | |___| |_| |
  |_| |_____|____/ |_|   |____/ |_/_/   \_\_| \_\|_| |_____|____/ 
                                                                  

TEST STARTED: Inicio de sesion fallido
-------------------------------------------------------------------(ejecuciones-manuales;inicio-de-sesion-fallido)
21700 [Test worker] INFO net.thucydides.core.steps.ConsoleLoggingListener - TEST MANUAL
]]></system-err>
</testsuite>
