<?xml version="1.0" encoding="UTF-8"?>
<testsuite name="Reservar un vuelo" tests="1" skipped="0" failures="0" errors="0" timestamp="2021-06-29T03:20:33" hostname="DESKTOP-6DBS85G" time="36.67">
  <properties/>
  <testcase name=": Reserva vuelo exitoso" classname="Reservar un vuelo" time="36.67"/>
  <system-out><![CDATA[]]></system-out>
  <system-err><![CDATA[jun 28, 2021 10:20:33 PM org.openqa.selenium.remote.DesiredCapabilities chrome
INFORMACIÓN: Using `new ChromeOptions()` is preferred to `DesiredCapabilities.chrome()`
153398 [Test worker] INFO net.serenitybdd.core.webdriver.driverproviders.ProvideNewDriver - Instantiating driver
153398 [Test worker] INFO net.serenitybdd.core.webdriver.driverproviders.ProvideNewDriver - Driver capabilities: Capabilities {acceptInsecureCerts: false, browserName: chrome, chrome.switches: --start-maximized,--disable..., goog:chromeOptions: {args: [--start-maximized, --disable-web-security, --allow-running-insecure-co..., --disable-extensions, --no-sandbox, --enable-automation, --test-type], extensions: []}, loggingPrefs: org.openqa.selenium.logging..., platform: ANY, version: }
Starting ChromeDriver 90.0.4430.24 (4c6d850f087da467d926e8eddb76550aed655991-refs/branch-heads/4430@{#429}) on port 22113
Only local connections are allowed.
Please see https://chromedriver.chromium.org/security-considerations for suggestions on keeping ChromeDriver safe.
ChromeDriver was started successfully.
[1624936836.534][WARNING]: This version of ChromeDriver has not been tested with Chrome version 91.
jun 28, 2021 10:20:36 PM org.openqa.selenium.remote.ProtocolHandshake createSession
INFORMACIÓN: Detected dialect: W3C
189566 [Test worker] INFO net.thucydides.core.steps.ConsoleLoggingListener - 
        __    _____ _____ ____ _____   ____   _    ____  ____  _____ ____  
  _     \ \  |_   _| ____/ ___|_   _| |  _ \ / \  / ___|/ ___|| ____|  _ \ 
 (_)_____| |   | | |  _| \___ \ | |   | |_) / _ \ \___ \\___ \|  _| | | | |
  _|_____| |   | | | |___ ___) || |   |  __/ ___ \ ___) |___) | |___| |_| |
 (_)     | |   |_| |_____|____/ |_|   |_| /_/   \_\____/|____/|_____|____/ 
        /_/                                                                

TEST PASSED: : Reserva vuelo exitoso
----------------------------------------------------------------------------
]]></system-err>
</testsuite>
